<?xml version="1.0" encoding="UTF-8"?>
<!-- Generated by org.testng.reporters.JUnitReportReporter -->
<testsuite skipped="0" hostname="DESKTOP-JQ0LRFT" name="googleTest.GoogleSearchTest" tests="1" failures="0" timestamp="2020-02-28T10:54:30 EST" time="2.163" errors="0">
  <testcase name="search" time="2.163" classname="googleTest.GoogleSearchTest"/>
  <system-out/>
</testsuite> <!-- googleTest.GoogleSearchTest -->
