<?xml version="1.0" encoding="UTF-8"?>
<!-- Generated by org.testng.reporters.JUnitReportReporter -->
<testsuite skipped="0" hostname="DESKTOP-JQ0LRFT" name="googleTest.GoogleSearchTest" tests="1" failures="0" timestamp="2020-02-27T23:01:00 EST" time="6.266" errors="0">
  <testcase name="search" time="6.266" classname="googleTest.GoogleSearchTest"/>
  <system-out/>
</testsuite> <!-- googleTest.GoogleSearchTest -->
